<?xml version="1.0" encoding="utf-8" standalone="no"?>
<test-run id="0" runstate="Runnable" testcasecount="2" result="Passed" total="2" passed="2" failed="0" inconclusive="0" skipped="0" asserts="2" engine-version="3.11.1.0" clr-version="4.0.30319.42000" start-time="2021-01-02 00:42:52Z" end-time="2021-01-02 00:42:55Z" duration="2.889306">
  <command-line><![CDATA[nunit3-console.exe  C:\Users\MERV\Source\Repos\UnitTestDonor\Donor.Test\Donor.Test.csproj]]></command-line>
  <test-suite type="Project" id="1" name="Donor.Test.csproj" fullname="C:\Users\MERV\Source\Repos\UnitTestDonor\Donor.Test\Donor.Test.csproj" runstate="Runnable" testcasecount="2" result="Passed" total="2" passed="2" failed="0" inconclusive="0" skipped="0" asserts="2">
    <test-suite type="Assembly" id="1-1003" name="Donor.Test.dll" fullname="C:\Users\MERV\Source\Repos\UnitTestDonor\Donor.Test\bin\Debug\Donor.Test.dll" runstate="Runnable" testcasecount="2" result="Passed" start-time="2021-01-02 00:42:55Z" end-time="2021-01-02 00:42:55Z" duration="0.170636" total="2" passed="2" failed="0" warnings="0" inconclusive="0" skipped="0" asserts="2">
      <environment framework-version="3.12.0.0" clr-version="4.0.30319.42000" os-version="Microsoft Windows NT 10.0.18363.0" platform="Win32NT" cwd="C:\Users\MERV\Source\Repos\UnitTestDonor\packages\NUnit.ConsoleRunner.3.11.1\tools" machine-name="DESKTOP-QMN6SBR" user="MERV" user-domain="DESKTOP-QMN6SBR" culture="tr-TR" uiculture="tr-TR" os-architecture="x64" />
      <settings>
        <setting name="BasePath" value="C:\Users\MERV\Source\Repos\UnitTestDonor\Donor.Test\bin\Debug\" />
        <setting name="DisposeRunners" value="True" />
        <setting name="WorkDirectory" value="C:\Users\MERV\Source\Repos\UnitTestDonor\packages\NUnit.ConsoleRunner.3.11.1\tools" />
        <setting name="ImageRuntimeVersion" value="4.0.30319" />
        <setting name="ImageTargetFrameworkName" value=".NETFramework,Version=v4.7.2" />
        <setting name="ImageRequiresX86" value="False" />
        <setting name="ImageRequiresDefaultAppDomainAssemblyResolver" value="False" />
        <setting name="RuntimeFramework" value="net-4.0" />
        <setting name="NumberOfTestWorkers" value="4" />
      </settings>
      <properties>
        <property name="_PID" value="1528" />
        <property name="_APPDOMAIN" value="domain-824a405d-Donor.Test.csproj" />
      </properties>
      <test-suite type="TestSuite" id="1-1004" name="Donor" fullname="Donor" runstate="Runnable" testcasecount="2" result="Passed" start-time="2021-01-02 00:42:55Z" end-time="2021-01-02 00:42:55Z" duration="0.102120" total="2" passed="2" failed="0" warnings="0" inconclusive="0" skipped="0" asserts="2">
        <test-suite type="TestSuite" id="1-1005" name="Test" fullname="Donor.Test" runstate="Runnable" testcasecount="2" result="Passed" start-time="2021-01-02 00:42:55Z" end-time="2021-01-02 00:42:55Z" duration="0.101389" total="2" passed="2" failed="0" warnings="0" inconclusive="0" skipped="0" asserts="2">
          <test-suite type="TestFixture" id="1-1000" name="CalculateTest" fullname="Donor.Test.CalculateTest" classname="Donor.Test.CalculateTest" runstate="Runnable" testcasecount="2" result="Passed" start-time="2021-01-02 00:42:55Z" end-time="2021-01-02 00:42:55Z" duration="0.093519" total="2" passed="2" failed="0" warnings="0" inconclusive="0" skipped="0" asserts="2">
            <test-case id="1-1001" name="Add_WhenAdd2and1_ShouldReturn3" fullname="Donor.Test.CalculateTest.Add_WhenAdd2and1_ShouldReturn3" methodname="Add_WhenAdd2and1_ShouldReturn3" classname="Donor.Test.CalculateTest" runstate="Runnable" seed="444238306" result="Passed" start-time="2021-01-02 00:42:55Z" end-time="2021-01-02 00:42:55Z" duration="0.066767" asserts="1" />
            <test-case id="1-1002" name="GetZero_WhenAllTime_ShouldReturn0" fullname="Donor.Test.CalculateTest.GetZero_WhenAllTime_ShouldReturn0" methodname="GetZero_WhenAllTime_ShouldReturn0" classname="Donor.Test.CalculateTest" runstate="Runnable" seed="1471008971" result="Passed" start-time="2021-01-02 00:42:55Z" end-time="2021-01-02 00:42:55Z" duration="0.000398" asserts="1" />
          </test-suite>
        </test-suite>
      </test-suite>
    </test-suite>
  </test-suite>
</test-run>